2016-09-02 11:37:59,193 [Worker-5] INFO  o.e.m.c.i.p.ProjectConfigurationManager - Collecting project info '/pom.xml' E:\Selenium_Shubham\SeleniumDemo\pom.xml
2016-09-02 11:38:02,864 [Worker-5] INFO  o.e.m.c.i.l.LifecycleMappingFactory - Using org.eclipse.m2e.jdt.JarLifecycleMapping lifecycle mapping for MavenProject: com.selenium.project:SeleniumDemo:0.0.1-SNAPSHOT @ E:\Selenium_Shubham\SeleniumDemo\pom.xml.
2016-09-02 11:38:04,677 [Worker-5] INFO  o.e.m.j.i.AbstractJavaProjectConfigurator - Adding source folder /SeleniumDemo/src/main/java
2016-09-02 11:38:04,681 [Worker-5] INFO  o.e.m.j.i.AbstractJavaProjectConfigurator - Adding source folder /SeleniumDemo/src/test/java
2016-09-02 11:38:04,928 [Worker-6] INFO  o.e.m.c.i.l.LifecycleMappingFactory - Using org.eclipse.m2e.jdt.JarLifecycleMapping lifecycle mapping for MavenProject: com.selenium.project:SeleniumDemo:0.0.1-SNAPSHOT @ E:\Selenium_Shubham\SeleniumDemo\pom.xml.
2016-09-02 11:38:05,843 [Worker-5] INFO  o.e.m.c.i.p.ProjectConfigurationManager - Project import completed 6 sec
2016-09-02 11:38:06,823 [Worker-6] INFO  o.e.m.c.i.l.LifecycleMappingFactory - Using org.eclipse.m2e.jdt.JarLifecycleMapping lifecycle mapping for MavenProject: com.selenium.project:SeleniumDemo:0.0.1-SNAPSHOT @ E:\Selenium_Shubham\SeleniumDemo\pom.xml.
2016-09-02 11:38:06,946 [Worker-6] INFO  o.e.m.c.i.embedder.EclipseLogger - Using 'UTF-8' encoding to copy filtered resources.
2016-09-02 11:38:06,946 [Worker-6] INFO  o.e.m.c.i.embedder.EclipseLogger - skip non existing resourceDirectory E:\Selenium_Shubham\SeleniumDemo\src\main\resources
2016-09-02 11:38:06,946 [Worker-6] INFO  o.e.m.c.i.embedder.EclipseLogger - Using 'UTF-8' encoding to copy filtered resources.
2016-09-02 11:38:06,946 [Worker-6] INFO  o.e.m.c.i.embedder.EclipseLogger - skip non existing resourceDirectory E:\Selenium_Shubham\SeleniumDemo\src\test\resources
2016-09-02 11:39:50,341 [Worker-2] INFO  o.e.m.c.i.embedder.EclipseLogger - Using 'UTF-8' encoding to copy filtered resources.
2016-09-02 11:39:50,341 [Worker-2] INFO  o.e.m.c.i.embedder.EclipseLogger - skip non existing resourceDirectory E:\Selenium_Shubham\SeleniumDemo\src\main\resources
2016-09-02 11:39:50,341 [Worker-2] INFO  o.e.m.c.i.embedder.EclipseLogger - Using 'UTF-8' encoding to copy filtered resources.
2016-09-02 11:39:50,341 [Worker-2] INFO  o.e.m.c.i.embedder.EclipseLogger - skip non existing resourceDirectory E:\Selenium_Shubham\SeleniumDemo\src\test\resources
2016-09-02 11:39:51,381 [Worker-7] INFO  o.e.m.c.i.embedder.EclipseLogger - Using 'UTF-8' encoding to copy filtered resources.
2016-09-02 11:39:51,381 [Worker-7] INFO  o.e.m.c.i.embedder.EclipseLogger - skip non existing resourceDirectory E:\Selenium_Shubham\SeleniumDemo\src\main\resources
2016-09-02 11:39:51,381 [Worker-7] INFO  o.e.m.c.i.embedder.EclipseLogger - Using 'UTF-8' encoding to copy filtered resources.
2016-09-02 11:39:51,381 [Worker-7] INFO  o.e.m.c.i.embedder.EclipseLogger - skip non existing resourceDirectory E:\Selenium_Shubham\SeleniumDemo\src\test\resources
2016-09-02 11:39:55,929 [Worker-7] INFO  o.e.m.c.i.embedder.EclipseLogger - Using 'UTF-8' encoding to copy filtered resources.
2016-09-02 11:39:55,929 [Worker-7] INFO  o.e.m.c.i.embedder.EclipseLogger - skip non existing resourceDirectory E:\Selenium_Shubham\SeleniumDemo\src\main\resources
2016-09-02 11:39:55,944 [Worker-7] INFO  o.e.m.c.i.embedder.EclipseLogger - Using 'UTF-8' encoding to copy filtered resources.
2016-09-02 11:39:55,944 [Worker-7] INFO  o.e.m.c.i.embedder.EclipseLogger - skip non existing resourceDirectory E:\Selenium_Shubham\SeleniumDemo\src\test\resources
2016-09-02 11:40:00,438 [Worker-7] INFO  o.e.m.c.i.embedder.EclipseLogger - Using 'UTF-8' encoding to copy filtered resources.
2016-09-02 11:40:00,438 [Worker-7] INFO  o.e.m.c.i.embedder.EclipseLogger - skip non existing resourceDirectory E:\Selenium_Shubham\SeleniumDemo\src\main\resources
2016-09-02 11:40:00,438 [Worker-7] INFO  o.e.m.c.i.embedder.EclipseLogger - Using 'UTF-8' encoding to copy filtered resources.
2016-09-02 11:40:00,454 [Worker-7] INFO  o.e.m.c.i.embedder.EclipseLogger - skip non existing resourceDirectory E:\Selenium_Shubham\SeleniumDemo\src\test\resources
2016-09-02 11:41:36,078 [Worker-9] INFO  o.e.m.c.i.embedder.EclipseLogger - Using 'UTF-8' encoding to copy filtered resources.
2016-09-02 11:41:36,078 [Worker-9] INFO  o.e.m.c.i.embedder.EclipseLogger - skip non existing resourceDirectory E:\Selenium_Shubham\SeleniumDemo\src\main\resources
2016-09-02 11:41:36,078 [Worker-9] INFO  o.e.m.c.i.embedder.EclipseLogger - Using 'UTF-8' encoding to copy filtered resources.
2016-09-02 11:41:36,078 [Worker-9] INFO  o.e.m.c.i.embedder.EclipseLogger - skip non existing resourceDirectory E:\Selenium_Shubham\SeleniumDemo\src\test\resources
2016-09-02 11:42:51,590 [Worker-8] INFO  o.e.m.c.i.l.LifecycleMappingFactory - Using org.eclipse.m2e.jdt.JarLifecycleMapping lifecycle mapping for MavenProject: com.selenium.project:SeleniumDemo:0.0.1-SNAPSHOT @ E:\Selenium_Shubham\SeleniumDemo\pom.xml.
2016-09-02 11:42:54,282 [Worker-8] INFO  o.e.m.c.i.embedder.EclipseLogger - Using 'UTF-8' encoding to copy filtered resources.
2016-09-02 11:42:54,282 [Worker-8] INFO  o.e.m.c.i.embedder.EclipseLogger - skip non existing resourceDirectory E:\Selenium_Shubham\SeleniumDemo\src\main\resources
2016-09-02 11:42:54,282 [Worker-8] INFO  o.e.m.c.i.embedder.EclipseLogger - Using 'UTF-8' encoding to copy filtered resources.
2016-09-02 11:42:54,282 [Worker-8] INFO  o.e.m.c.i.embedder.EclipseLogger - skip non existing resourceDirectory E:\Selenium_Shubham\SeleniumDemo\src\test\resources
2016-09-02 11:42:55,485 [Worker-11] INFO  o.e.m.c.i.embedder.EclipseLogger - Using 'UTF-8' encoding to copy filtered resources.
2016-09-02 11:42:55,485 [Worker-11] INFO  o.e.m.c.i.embedder.EclipseLogger - skip non existing resourceDirectory E:\Selenium_Shubham\SeleniumDemo\src\main\resources
2016-09-02 11:42:55,485 [Worker-11] INFO  o.e.m.c.i.embedder.EclipseLogger - Using 'UTF-8' encoding to copy filtered resources.
2016-09-02 11:42:55,485 [Worker-11] INFO  o.e.m.c.i.embedder.EclipseLogger - skip non existing resourceDirectory E:\Selenium_Shubham\SeleniumDemo\src\test\resources
2016-09-02 11:43:09,036 [Worker-8] INFO  o.e.m.c.i.embedder.EclipseLogger - Using 'UTF-8' encoding to copy filtered resources.
2016-09-02 11:43:09,036 [Worker-8] INFO  o.e.m.c.i.embedder.EclipseLogger - skip non existing resourceDirectory E:\Selenium_Shubham\SeleniumDemo\src\main\resources
2016-09-02 11:43:09,036 [Worker-8] INFO  o.e.m.c.i.embedder.EclipseLogger - Using 'UTF-8' encoding to copy filtered resources.
2016-09-02 11:43:09,036 [Worker-8] INFO  o.e.m.c.i.embedder.EclipseLogger - skip non existing resourceDirectory E:\Selenium_Shubham\SeleniumDemo\src\test\resources
2016-09-02 11:43:31,853 [Worker-6] INFO  o.e.m.c.i.embedder.EclipseLogger - Using 'UTF-8' encoding to copy filtered resources.
2016-09-02 11:43:31,853 [Worker-6] INFO  o.e.m.c.i.embedder.EclipseLogger - skip non existing resourceDirectory E:\Selenium_Shubham\SeleniumDemo\src\main\resources
2016-09-02 11:43:31,853 [Worker-6] INFO  o.e.m.c.i.embedder.EclipseLogger - Using 'UTF-8' encoding to copy filtered resources.
2016-09-02 11:43:31,853 [Worker-6] INFO  o.e.m.c.i.embedder.EclipseLogger - skip non existing resourceDirectory E:\Selenium_Shubham\SeleniumDemo\src\test\resources
2016-09-02 11:44:17,633 [Worker-6] INFO  o.e.m.c.i.embedder.EclipseLogger - Using 'UTF-8' encoding to copy filtered resources.
2016-09-02 11:44:17,633 [Worker-6] INFO  o.e.m.c.i.embedder.EclipseLogger - skip non existing resourceDirectory E:\Selenium_Shubham\SeleniumDemo\src\main\resources
2016-09-02 11:44:17,633 [Worker-6] INFO  o.e.m.c.i.embedder.EclipseLogger - Using 'UTF-8' encoding to copy filtered resources.
2016-09-02 11:44:17,633 [Worker-6] INFO  o.e.m.c.i.embedder.EclipseLogger - skip non existing resourceDirectory E:\Selenium_Shubham\SeleniumDemo\src\test\resources
2016-09-02 11:45:39,993 [Worker-11] INFO  o.e.m.c.i.embedder.EclipseLogger - Using 'UTF-8' encoding to copy filtered resources.
2016-09-02 11:45:39,993 [Worker-11] INFO  o.e.m.c.i.embedder.EclipseLogger - skip non existing resourceDirectory E:\Selenium_Shubham\SeleniumDemo\src\main\resources
2016-09-02 11:45:39,993 [Worker-11] INFO  o.e.m.c.i.embedder.EclipseLogger - Using 'UTF-8' encoding to copy filtered resources.
2016-09-02 11:45:39,993 [Worker-11] INFO  o.e.m.c.i.embedder.EclipseLogger - skip non existing resourceDirectory E:\Selenium_Shubham\SeleniumDemo\src\test\resources
2016-09-02 11:46:28,630 [Worker-8] INFO  o.e.m.c.i.embedder.EclipseLogger - Using 'UTF-8' encoding to copy filtered resources.
2016-09-02 11:46:28,630 [Worker-8] INFO  o.e.m.c.i.embedder.EclipseLogger - skip non existing resourceDirectory E:\Selenium_Shubham\SeleniumDemo\src\main\resources
2016-09-02 11:46:28,630 [Worker-8] INFO  o.e.m.c.i.embedder.EclipseLogger - Using 'UTF-8' encoding to copy filtered resources.
2016-09-02 11:46:28,630 [Worker-8] INFO  o.e.m.c.i.embedder.EclipseLogger - skip non existing resourceDirectory E:\Selenium_Shubham\SeleniumDemo\src\test\resources
2016-09-02 11:46:57,836 [Worker-6] INFO  o.e.m.c.i.embedder.EclipseLogger - Using 'UTF-8' encoding to copy filtered resources.
2016-09-02 11:46:57,836 [Worker-6] INFO  o.e.m.c.i.embedder.EclipseLogger - skip non existing resourceDirectory E:\Selenium_Shubham\SeleniumDemo\src\main\resources
2016-09-02 11:46:57,836 [Worker-6] INFO  o.e.m.c.i.embedder.EclipseLogger - Using 'UTF-8' encoding to copy filtered resources.
2016-09-02 11:46:57,836 [Worker-6] INFO  o.e.m.c.i.embedder.EclipseLogger - skip non existing resourceDirectory E:\Selenium_Shubham\SeleniumDemo\src\test\resources
2016-09-02 11:47:17,324 [Worker-12] INFO  o.e.m.c.i.l.LifecycleMappingFactory - Using org.eclipse.m2e.jdt.JarLifecycleMapping lifecycle mapping for MavenProject: com.selenium.project:SeleniumDemo:0.0.1-SNAPSHOT @ E:\Selenium_Shubham\SeleniumDemo\pom.xml.
2016-09-02 11:47:17,747 [Worker-12] INFO  o.e.m.c.i.embedder.EclipseLogger - Using 'UTF-8' encoding to copy filtered resources.
2016-09-02 11:47:17,747 [Worker-12] INFO  o.e.m.c.i.embedder.EclipseLogger - skip non existing resourceDirectory E:\Selenium_Shubham\SeleniumDemo\src\main\resources
2016-09-02 11:47:17,747 [Worker-12] INFO  o.e.m.c.i.embedder.EclipseLogger - Using 'UTF-8' encoding to copy filtered resources.
2016-09-02 11:47:17,747 [Worker-12] INFO  o.e.m.c.i.embedder.EclipseLogger - skip non existing resourceDirectory E:\Selenium_Shubham\SeleniumDemo\src\test\resources
2016-09-02 11:47:25,182 [Worker-10] INFO  o.e.m.c.i.l.LifecycleMappingFactory - Using org.eclipse.m2e.jdt.JarLifecycleMapping lifecycle mapping for MavenProject: com.selenium.project:SeleniumDemo:0.0.1-SNAPSHOT @ E:\Selenium_Shubham\SeleniumDemo\pom.xml.
2016-09-02 11:47:25,548 [Worker-10] INFO  o.e.m.c.i.embedder.EclipseLogger - Using 'UTF-8' encoding to copy filtered resources.
2016-09-02 11:47:25,548 [Worker-10] INFO  o.e.m.c.i.embedder.EclipseLogger - skip non existing resourceDirectory E:\Selenium_Shubham\SeleniumDemo\src\main\resources
2016-09-02 11:47:25,548 [Worker-10] INFO  o.e.m.c.i.embedder.EclipseLogger - Using 'UTF-8' encoding to copy filtered resources.
2016-09-02 11:47:25,548 [Worker-10] INFO  o.e.m.c.i.embedder.EclipseLogger - skip non existing resourceDirectory E:\Selenium_Shubham\SeleniumDemo\src\test\resources
2016-09-02 11:48:02,201 [Worker-10] INFO  o.e.m.c.i.embedder.EclipseLogger - Using 'UTF-8' encoding to copy filtered resources.
2016-09-02 11:48:02,201 [Worker-10] INFO  o.e.m.c.i.embedder.EclipseLogger - skip non existing resourceDirectory E:\Selenium_Shubham\SeleniumDemo\src\main\resources
2016-09-02 11:48:02,201 [Worker-10] INFO  o.e.m.c.i.embedder.EclipseLogger - Using 'UTF-8' encoding to copy filtered resources.
2016-09-02 11:48:02,201 [Worker-10] INFO  o.e.m.c.i.embedder.EclipseLogger - skip non existing resourceDirectory E:\Selenium_Shubham\SeleniumDemo\src\test\resources
2016-09-02 11:48:15,255 [Worker-10] INFO  o.e.m.c.i.embedder.EclipseLogger - Using 'UTF-8' encoding to copy filtered resources.
2016-09-02 11:48:15,255 [Worker-10] INFO  o.e.m.c.i.embedder.EclipseLogger - skip non existing resourceDirectory E:\Selenium_Shubham\SeleniumDemo\src\main\resources
2016-09-02 11:48:15,270 [Worker-10] INFO  o.e.m.c.i.embedder.EclipseLogger - Using 'UTF-8' encoding to copy filtered resources.
2016-09-02 11:48:15,270 [Worker-10] INFO  o.e.m.c.i.embedder.EclipseLogger - skip non existing resourceDirectory E:\Selenium_Shubham\SeleniumDemo\src\test\resources
2016-09-02 11:51:28,818 [Worker-6] INFO  o.e.m.c.i.embedder.EclipseLogger - Using 'UTF-8' encoding to copy filtered resources.
2016-09-02 11:51:28,818 [Worker-6] INFO  o.e.m.c.i.embedder.EclipseLogger - skip non existing resourceDirectory E:\Selenium_Shubham\SeleniumDemo\src\main\resources
2016-09-02 11:51:28,818 [Worker-6] INFO  o.e.m.c.i.embedder.EclipseLogger - Using 'UTF-8' encoding to copy filtered resources.
2016-09-02 11:51:28,818 [Worker-6] INFO  o.e.m.c.i.embedder.EclipseLogger - skip non existing resourceDirectory E:\Selenium_Shubham\SeleniumDemo\src\test\resources
2016-09-02 11:52:49,088 [Worker-8] INFO  o.e.m.c.i.embedder.EclipseLogger - Using 'UTF-8' encoding to copy filtered resources.
2016-09-02 11:52:49,088 [Worker-8] INFO  o.e.m.c.i.embedder.EclipseLogger - skip non existing resourceDirectory E:\Selenium_Shubham\SeleniumDemo\src\main\resources
2016-09-02 11:52:49,088 [Worker-8] INFO  o.e.m.c.i.embedder.EclipseLogger - Using 'UTF-8' encoding to copy filtered resources.
2016-09-02 11:52:49,088 [Worker-8] INFO  o.e.m.c.i.embedder.EclipseLogger - skip non existing resourceDirectory E:\Selenium_Shubham\SeleniumDemo\src\test\resources
2016-09-02 11:54:15,737 [Worker-10] INFO  o.e.m.c.i.embedder.EclipseLogger - Using 'UTF-8' encoding to copy filtered resources.
2016-09-02 11:54:15,737 [Worker-10] INFO  o.e.m.c.i.embedder.EclipseLogger - skip non existing resourceDirectory E:\Selenium_Shubham\SeleniumDemo\src\main\resources
2016-09-02 11:54:15,737 [Worker-10] INFO  o.e.m.c.i.embedder.EclipseLogger - Using 'UTF-8' encoding to copy filtered resources.
2016-09-02 11:54:15,737 [Worker-10] INFO  o.e.m.c.i.embedder.EclipseLogger - skip non existing resourceDirectory E:\Selenium_Shubham\SeleniumDemo\src\test\resources
2016-09-02 11:54:20,127 [Worker-14] INFO  o.e.m.c.i.embedder.EclipseLogger - Using 'UTF-8' encoding to copy filtered resources.
2016-09-02 11:54:20,127 [Worker-14] INFO  o.e.m.c.i.embedder.EclipseLogger - skip non existing resourceDirectory E:\Selenium_Shubham\SeleniumDemo\src\main\resources
2016-09-02 11:54:20,127 [Worker-14] INFO  o.e.m.c.i.embedder.EclipseLogger - Using 'UTF-8' encoding to copy filtered resources.
2016-09-02 11:54:20,127 [Worker-14] INFO  o.e.m.c.i.embedder.EclipseLogger - skip non existing resourceDirectory E:\Selenium_Shubham\SeleniumDemo\src\test\resources
2016-09-02 11:55:25,909 [Worker-14] INFO  o.e.m.c.i.embedder.EclipseLogger - Using 'UTF-8' encoding to copy filtered resources.
2016-09-02 11:55:25,909 [Worker-14] INFO  o.e.m.c.i.embedder.EclipseLogger - skip non existing resourceDirectory E:\Selenium_Shubham\SeleniumDemo\src\main\resources
2016-09-02 11:55:25,911 [Worker-14] INFO  o.e.m.c.i.embedder.EclipseLogger - Using 'UTF-8' encoding to copy filtered resources.
2016-09-02 11:55:25,912 [Worker-14] INFO  o.e.m.c.i.embedder.EclipseLogger - skip non existing resourceDirectory E:\Selenium_Shubham\SeleniumDemo\src\test\resources
2016-09-02 11:56:11,871 [Worker-15] INFO  o.e.m.c.i.embedder.EclipseLogger - Using 'UTF-8' encoding to copy filtered resources.
2016-09-02 11:56:11,871 [Worker-15] INFO  o.e.m.c.i.embedder.EclipseLogger - skip non existing resourceDirectory E:\Selenium_Shubham\SeleniumDemo\src\main\resources
2016-09-02 11:56:11,871 [Worker-15] INFO  o.e.m.c.i.embedder.EclipseLogger - Using 'UTF-8' encoding to copy filtered resources.
2016-09-02 11:56:11,871 [Worker-15] INFO  o.e.m.c.i.embedder.EclipseLogger - skip non existing resourceDirectory E:\Selenium_Shubham\SeleniumDemo\src\test\resources
2016-09-02 11:56:20,046 [Worker-8] INFO  o.e.m.c.i.embedder.EclipseLogger - Using 'UTF-8' encoding to copy filtered resources.
2016-09-02 11:56:20,046 [Worker-8] INFO  o.e.m.c.i.embedder.EclipseLogger - skip non existing resourceDirectory E:\Selenium_Shubham\SeleniumDemo\src\main\resources
2016-09-02 11:56:20,046 [Worker-8] INFO  o.e.m.c.i.embedder.EclipseLogger - Using 'UTF-8' encoding to copy filtered resources.
2016-09-02 11:56:20,046 [Worker-8] INFO  o.e.m.c.i.embedder.EclipseLogger - skip non existing resourceDirectory E:\Selenium_Shubham\SeleniumDemo\src\test\resources
2016-09-02 12:01:42,099 [Worker-10] INFO  o.e.m.c.i.embedder.EclipseLogger - Using 'UTF-8' encoding to copy filtered resources.
2016-09-02 12:01:42,099 [Worker-10] INFO  o.e.m.c.i.embedder.EclipseLogger - skip non existing resourceDirectory E:\Selenium_Shubham\SeleniumDemo\src\main\resources
2016-09-02 12:01:42,117 [Worker-10] INFO  o.e.m.c.i.embedder.EclipseLogger - Using 'UTF-8' encoding to copy filtered resources.
2016-09-02 12:01:42,117 [Worker-10] INFO  o.e.m.c.i.embedder.EclipseLogger - skip non existing resourceDirectory E:\Selenium_Shubham\SeleniumDemo\src\test\resources
2016-09-02 12:03:18,181 [Worker-17] INFO  o.e.m.c.i.embedder.EclipseLogger - Using 'UTF-8' encoding to copy filtered resources.
2016-09-02 12:03:18,181 [Worker-17] INFO  o.e.m.c.i.embedder.EclipseLogger - skip non existing resourceDirectory E:\Selenium_Shubham\SeleniumDemo\src\main\resources
2016-09-02 12:03:18,197 [Worker-17] INFO  o.e.m.c.i.embedder.EclipseLogger - Using 'UTF-8' encoding to copy filtered resources.
2016-09-02 12:03:18,197 [Worker-17] INFO  o.e.m.c.i.embedder.EclipseLogger - skip non existing resourceDirectory E:\Selenium_Shubham\SeleniumDemo\src\test\resources
2016-09-02 12:11:11,350 [Worker-16] INFO  o.e.m.c.i.embedder.EclipseLogger - Using 'UTF-8' encoding to copy filtered resources.
2016-09-02 12:11:11,366 [Worker-16] INFO  o.e.m.c.i.embedder.EclipseLogger - skip non existing resourceDirectory E:\Selenium_Shubham\SeleniumDemo\src\main\resources
2016-09-02 12:11:11,382 [Worker-16] INFO  o.e.m.c.i.embedder.EclipseLogger - Using 'UTF-8' encoding to copy filtered resources.
2016-09-02 12:11:11,382 [Worker-16] INFO  o.e.m.c.i.embedder.EclipseLogger - skip non existing resourceDirectory E:\Selenium_Shubham\SeleniumDemo\src\test\resources
2016-09-02 12:17:22,656 [Worker-19] INFO  o.e.m.c.i.embedder.EclipseLogger - Using 'UTF-8' encoding to copy filtered resources.
2016-09-02 12:17:22,656 [Worker-19] INFO  o.e.m.c.i.embedder.EclipseLogger - skip non existing resourceDirectory E:\Selenium_Shubham\SeleniumDemo\src\main\resources
2016-09-02 12:17:22,656 [Worker-19] INFO  o.e.m.c.i.embedder.EclipseLogger - Using 'UTF-8' encoding to copy filtered resources.
2016-09-02 12:17:22,656 [Worker-19] INFO  o.e.m.c.i.embedder.EclipseLogger - skip non existing resourceDirectory E:\Selenium_Shubham\SeleniumDemo\src\test\resources
2016-09-02 12:17:39,995 [Worker-8] INFO  o.e.m.c.i.embedder.EclipseLogger - Using 'UTF-8' encoding to copy filtered resources.
2016-09-02 12:17:39,995 [Worker-8] INFO  o.e.m.c.i.embedder.EclipseLogger - skip non existing resourceDirectory E:\Selenium_Shubham\SeleniumDemo\src\main\resources
2016-09-02 12:17:39,995 [Worker-8] INFO  o.e.m.c.i.embedder.EclipseLogger - Using 'UTF-8' encoding to copy filtered resources.
2016-09-02 12:17:39,995 [Worker-8] INFO  o.e.m.c.i.embedder.EclipseLogger - skip non existing resourceDirectory E:\Selenium_Shubham\SeleniumDemo\src\test\resources
2016-09-02 12:20:02,789 [Worker-20] INFO  o.e.m.c.i.embedder.EclipseLogger - Using 'UTF-8' encoding to copy filtered resources.
2016-09-02 12:20:02,789 [Worker-20] INFO  o.e.m.c.i.embedder.EclipseLogger - skip non existing resourceDirectory E:\Selenium_Shubham\SeleniumDemo\src\main\resources
2016-09-02 12:20:02,805 [Worker-20] INFO  o.e.m.c.i.embedder.EclipseLogger - Using 'UTF-8' encoding to copy filtered resources.
2016-09-02 12:20:02,805 [Worker-20] INFO  o.e.m.c.i.embedder.EclipseLogger - skip non existing resourceDirectory E:\Selenium_Shubham\SeleniumDemo\src\test\resources
2016-09-02 12:22:41,371 [Worker-8] INFO  o.e.m.c.i.embedder.EclipseLogger - Using 'UTF-8' encoding to copy filtered resources.
2016-09-02 12:22:41,371 [Worker-8] INFO  o.e.m.c.i.embedder.EclipseLogger - skip non existing resourceDirectory E:\Selenium_Shubham\SeleniumDemo\src\main\resources
2016-09-02 12:22:41,371 [Worker-8] INFO  o.e.m.c.i.embedder.EclipseLogger - Using 'UTF-8' encoding to copy filtered resources.
2016-09-02 12:22:41,371 [Worker-8] INFO  o.e.m.c.i.embedder.EclipseLogger - skip non existing resourceDirectory E:\Selenium_Shubham\SeleniumDemo\src\test\resources
2016-09-02 12:34:56,383 [Worker-16] INFO  o.e.m.c.i.embedder.EclipseLogger - Using 'UTF-8' encoding to copy filtered resources.
2016-09-02 12:34:56,383 [Worker-16] INFO  o.e.m.c.i.embedder.EclipseLogger - skip non existing resourceDirectory E:\Selenium_Shubham\SeleniumDemo\src\main\resources
2016-09-02 12:34:56,383 [Worker-16] INFO  o.e.m.c.i.embedder.EclipseLogger - Using 'UTF-8' encoding to copy filtered resources.
2016-09-02 12:34:56,383 [Worker-16] INFO  o.e.m.c.i.embedder.EclipseLogger - skip non existing resourceDirectory E:\Selenium_Shubham\SeleniumDemo\src\test\resources
2016-09-02 12:35:10,171 [Worker-8] INFO  o.e.m.c.i.embedder.EclipseLogger - Using 'UTF-8' encoding to copy filtered resources.
2016-09-02 12:35:10,171 [Worker-8] INFO  o.e.m.c.i.embedder.EclipseLogger - skip non existing resourceDirectory E:\Selenium_Shubham\SeleniumDemo\src\main\resources
2016-09-02 12:35:10,187 [Worker-8] INFO  o.e.m.c.i.embedder.EclipseLogger - Using 'UTF-8' encoding to copy filtered resources.
2016-09-02 12:35:10,187 [Worker-8] INFO  o.e.m.c.i.embedder.EclipseLogger - skip non existing resourceDirectory E:\Selenium_Shubham\SeleniumDemo\src\test\resources
2016-09-02 12:39:23,074 [Worker-23] INFO  o.e.m.c.i.embedder.EclipseLogger - Using 'UTF-8' encoding to copy filtered resources.
2016-09-02 12:39:23,074 [Worker-23] INFO  o.e.m.c.i.embedder.EclipseLogger - skip non existing resourceDirectory E:\Selenium_Shubham\SeleniumDemo\src\main\resources
2016-09-02 12:39:23,074 [Worker-23] INFO  o.e.m.c.i.embedder.EclipseLogger - Using 'UTF-8' encoding to copy filtered resources.
2016-09-02 12:39:23,074 [Worker-23] INFO  o.e.m.c.i.embedder.EclipseLogger - skip non existing resourceDirectory E:\Selenium_Shubham\SeleniumDemo\src\test\resources
2016-09-02 12:43:22,328 [Worker-7] INFO  o.e.m.c.i.embedder.EclipseLogger - Using 'UTF-8' encoding to copy filtered resources.
2016-09-02 12:43:22,328 [Worker-7] INFO  o.e.m.c.i.embedder.EclipseLogger - skip non existing resourceDirectory E:\Selenium_Shubham\SeleniumDemo\src\main\resources
2016-09-02 12:43:22,328 [Worker-7] INFO  o.e.m.c.i.embedder.EclipseLogger - Using 'UTF-8' encoding to copy filtered resources.
2016-09-02 12:43:22,328 [Worker-7] INFO  o.e.m.c.i.embedder.EclipseLogger - skip non existing resourceDirectory E:\Selenium_Shubham\SeleniumDemo\src\test\resources
2016-09-02 12:50:05,622 [Worker-21] INFO  o.e.m.c.i.embedder.EclipseLogger - Using 'UTF-8' encoding to copy filtered resources.
2016-09-02 12:50:05,622 [Worker-21] INFO  o.e.m.c.i.embedder.EclipseLogger - skip non existing resourceDirectory E:\Selenium_Shubham\SeleniumDemo\src\main\resources
2016-09-02 12:50:05,622 [Worker-21] INFO  o.e.m.c.i.embedder.EclipseLogger - Using 'UTF-8' encoding to copy filtered resources.
2016-09-02 12:50:05,622 [Worker-21] INFO  o.e.m.c.i.embedder.EclipseLogger - skip non existing resourceDirectory E:\Selenium_Shubham\SeleniumDemo\src\test\resources
2016-09-02 12:50:13,642 [Worker-26] INFO  o.e.m.c.i.embedder.EclipseLogger - Using 'UTF-8' encoding to copy filtered resources.
2016-09-02 12:50:13,642 [Worker-26] INFO  o.e.m.c.i.embedder.EclipseLogger - skip non existing resourceDirectory E:\Selenium_Shubham\SeleniumDemo\src\main\resources
2016-09-02 12:50:13,642 [Worker-26] INFO  o.e.m.c.i.embedder.EclipseLogger - Using 'UTF-8' encoding to copy filtered resources.
2016-09-02 12:50:13,658 [Worker-26] INFO  o.e.m.c.i.embedder.EclipseLogger - skip non existing resourceDirectory E:\Selenium_Shubham\SeleniumDemo\src\test\resources
2016-09-02 12:52:39,297 [Worker-21] INFO  o.e.m.c.i.embedder.EclipseLogger - Using 'UTF-8' encoding to copy filtered resources.
2016-09-02 12:52:39,297 [Worker-21] INFO  o.e.m.c.i.embedder.EclipseLogger - skip non existing resourceDirectory E:\Selenium_Shubham\SeleniumDemo\src\main\resources
2016-09-02 12:52:39,297 [Worker-21] INFO  o.e.m.c.i.embedder.EclipseLogger - Using 'UTF-8' encoding to copy filtered resources.
2016-09-02 12:52:39,297 [Worker-21] INFO  o.e.m.c.i.embedder.EclipseLogger - skip non existing resourceDirectory E:\Selenium_Shubham\SeleniumDemo\src\test\resources
2016-09-02 12:56:09,037 [Worker-25] INFO  o.e.m.c.i.embedder.EclipseLogger - Using 'UTF-8' encoding to copy filtered resources.
2016-09-02 12:56:09,037 [Worker-25] INFO  o.e.m.c.i.embedder.EclipseLogger - skip non existing resourceDirectory E:\Selenium_Shubham\SeleniumDemo\src\main\resources
2016-09-02 12:56:09,037 [Worker-25] INFO  o.e.m.c.i.embedder.EclipseLogger - Using 'UTF-8' encoding to copy filtered resources.
2016-09-02 12:56:09,037 [Worker-25] INFO  o.e.m.c.i.embedder.EclipseLogger - skip non existing resourceDirectory E:\Selenium_Shubham\SeleniumDemo\src\test\resources
2016-09-02 13:03:17,993 [Worker-25] INFO  o.e.m.c.i.embedder.EclipseLogger - Using 'UTF-8' encoding to copy filtered resources.
2016-09-02 13:03:17,994 [Worker-25] INFO  o.e.m.c.i.embedder.EclipseLogger - skip non existing resourceDirectory E:\Selenium_Shubham\SeleniumDemo\src\main\resources
2016-09-02 13:03:17,996 [Worker-25] INFO  o.e.m.c.i.embedder.EclipseLogger - Using 'UTF-8' encoding to copy filtered resources.
2016-09-02 13:03:17,997 [Worker-25] INFO  o.e.m.c.i.embedder.EclipseLogger - skip non existing resourceDirectory E:\Selenium_Shubham\SeleniumDemo\src\test\resources
2016-09-02 13:04:07,634 [Worker-8] INFO  o.e.m.c.i.embedder.EclipseLogger - Using 'UTF-8' encoding to copy filtered resources.
2016-09-02 13:04:07,634 [Worker-8] INFO  o.e.m.c.i.embedder.EclipseLogger - skip non existing resourceDirectory E:\Selenium_Shubham\SeleniumDemo\src\main\resources
2016-09-02 13:04:07,634 [Worker-8] INFO  o.e.m.c.i.embedder.EclipseLogger - Using 'UTF-8' encoding to copy filtered resources.
2016-09-02 13:04:07,634 [Worker-8] INFO  o.e.m.c.i.embedder.EclipseLogger - skip non existing resourceDirectory E:\Selenium_Shubham\SeleniumDemo\src\test\resources
2016-09-02 13:04:22,858 [Worker-25] INFO  o.e.m.c.i.embedder.EclipseLogger - Using 'UTF-8' encoding to copy filtered resources.
2016-09-02 13:04:22,858 [Worker-25] INFO  o.e.m.c.i.embedder.EclipseLogger - skip non existing resourceDirectory E:\Selenium_Shubham\SeleniumDemo\src\main\resources
2016-09-02 13:04:22,858 [Worker-25] INFO  o.e.m.c.i.embedder.EclipseLogger - Using 'UTF-8' encoding to copy filtered resources.
2016-09-02 13:04:22,858 [Worker-25] INFO  o.e.m.c.i.embedder.EclipseLogger - skip non existing resourceDirectory E:\Selenium_Shubham\SeleniumDemo\src\test\resources
2016-09-02 13:05:41,934 [Worker-25] INFO  o.e.m.c.i.embedder.EclipseLogger - Using 'UTF-8' encoding to copy filtered resources.
2016-09-02 13:05:41,934 [Worker-25] INFO  o.e.m.c.i.embedder.EclipseLogger - skip non existing resourceDirectory E:\Selenium_Shubham\SeleniumDemo\src\main\resources
2016-09-02 13:05:41,934 [Worker-25] INFO  o.e.m.c.i.embedder.EclipseLogger - Using 'UTF-8' encoding to copy filtered resources.
2016-09-02 13:05:41,934 [Worker-25] INFO  o.e.m.c.i.embedder.EclipseLogger - skip non existing resourceDirectory E:\Selenium_Shubham\SeleniumDemo\src\test\resources
2016-09-02 13:07:45,122 [Worker-27] INFO  o.e.m.c.i.embedder.EclipseLogger - Using 'UTF-8' encoding to copy filtered resources.
2016-09-02 13:07:45,122 [Worker-27] INFO  o.e.m.c.i.embedder.EclipseLogger - skip non existing resourceDirectory E:\Selenium_Shubham\SeleniumDemo\src\main\resources
2016-09-02 13:07:45,122 [Worker-27] INFO  o.e.m.c.i.embedder.EclipseLogger - Using 'UTF-8' encoding to copy filtered resources.
2016-09-02 13:07:45,122 [Worker-27] INFO  o.e.m.c.i.embedder.EclipseLogger - skip non existing resourceDirectory E:\Selenium_Shubham\SeleniumDemo\src\test\resources
2016-09-02 13:11:48,786 [Worker-8] INFO  o.e.m.c.i.embedder.EclipseLogger - Using 'UTF-8' encoding to copy filtered resources.
2016-09-02 13:11:48,786 [Worker-8] INFO  o.e.m.c.i.embedder.EclipseLogger - skip non existing resourceDirectory E:\Selenium_Shubham\SeleniumDemo\src\main\resources
2016-09-02 13:11:48,786 [Worker-8] INFO  o.e.m.c.i.embedder.EclipseLogger - Using 'UTF-8' encoding to copy filtered resources.
2016-09-02 13:11:48,786 [Worker-8] INFO  o.e.m.c.i.embedder.EclipseLogger - skip non existing resourceDirectory E:\Selenium_Shubham\SeleniumDemo\src\test\resources
2016-09-02 13:13:48,041 [Worker-23] INFO  o.e.m.c.i.embedder.EclipseLogger - Using 'UTF-8' encoding to copy filtered resources.
2016-09-02 13:13:48,041 [Worker-23] INFO  o.e.m.c.i.embedder.EclipseLogger - skip non existing resourceDirectory E:\Selenium_Shubham\SeleniumDemo\src\main\resources
2016-09-02 13:13:48,041 [Worker-23] INFO  o.e.m.c.i.embedder.EclipseLogger - Using 'UTF-8' encoding to copy filtered resources.
2016-09-02 13:13:48,041 [Worker-23] INFO  o.e.m.c.i.embedder.EclipseLogger - skip non existing resourceDirectory E:\Selenium_Shubham\SeleniumDemo\src\test\resources
2016-09-02 13:14:25,955 [Worker-25] INFO  o.e.m.c.i.embedder.EclipseLogger - Using 'UTF-8' encoding to copy filtered resources.
2016-09-02 13:14:25,955 [Worker-25] INFO  o.e.m.c.i.embedder.EclipseLogger - skip non existing resourceDirectory E:\Selenium_Shubham\SeleniumDemo\src\main\resources
2016-09-02 13:14:25,970 [Worker-25] INFO  o.e.m.c.i.embedder.EclipseLogger - Using 'UTF-8' encoding to copy filtered resources.
2016-09-02 13:14:25,970 [Worker-25] INFO  o.e.m.c.i.embedder.EclipseLogger - skip non existing resourceDirectory E:\Selenium_Shubham\SeleniumDemo\src\test\resources
2016-09-02 13:18:01,425 [Worker-8] INFO  o.e.m.c.i.embedder.EclipseLogger - Using 'UTF-8' encoding to copy filtered resources.
2016-09-02 13:18:01,425 [Worker-8] INFO  o.e.m.c.i.embedder.EclipseLogger - skip non existing resourceDirectory E:\Selenium_Shubham\SeleniumDemo\src\main\resources
2016-09-02 13:18:01,425 [Worker-8] INFO  o.e.m.c.i.embedder.EclipseLogger - Using 'UTF-8' encoding to copy filtered resources.
2016-09-02 13:18:01,425 [Worker-8] INFO  o.e.m.c.i.embedder.EclipseLogger - skip non existing resourceDirectory E:\Selenium_Shubham\SeleniumDemo\src\test\resources
2016-09-02 13:19:18,622 [Worker-8] INFO  o.e.m.c.i.embedder.EclipseLogger - Using 'UTF-8' encoding to copy filtered resources.
2016-09-02 13:19:18,622 [Worker-8] INFO  o.e.m.c.i.embedder.EclipseLogger - skip non existing resourceDirectory E:\Selenium_Shubham\SeleniumDemo\src\main\resources
2016-09-02 13:19:18,622 [Worker-8] INFO  o.e.m.c.i.embedder.EclipseLogger - Using 'UTF-8' encoding to copy filtered resources.
2016-09-02 13:19:18,622 [Worker-8] INFO  o.e.m.c.i.embedder.EclipseLogger - skip non existing resourceDirectory E:\Selenium_Shubham\SeleniumDemo\src\test\resources
2016-09-02 13:22:42,432 [Worker-27] INFO  o.e.m.c.i.embedder.EclipseLogger - Using 'UTF-8' encoding to copy filtered resources.
2016-09-02 13:22:42,432 [Worker-27] INFO  o.e.m.c.i.embedder.EclipseLogger - skip non existing resourceDirectory E:\Selenium_Shubham\SeleniumDemo\src\main\resources
2016-09-02 13:22:42,432 [Worker-27] INFO  o.e.m.c.i.embedder.EclipseLogger - Using 'UTF-8' encoding to copy filtered resources.
2016-09-02 13:22:42,432 [Worker-27] INFO  o.e.m.c.i.embedder.EclipseLogger - skip non existing resourceDirectory E:\Selenium_Shubham\SeleniumDemo\src\test\resources
2016-09-02 13:25:59,090 [Worker-32] INFO  o.e.m.c.i.embedder.EclipseLogger - Using 'UTF-8' encoding to copy filtered resources.
2016-09-02 13:25:59,090 [Worker-32] INFO  o.e.m.c.i.embedder.EclipseLogger - skip non existing resourceDirectory E:\Selenium_Shubham\SeleniumDemo\src\main\resources
2016-09-02 13:25:59,090 [Worker-32] INFO  o.e.m.c.i.embedder.EclipseLogger - Using 'UTF-8' encoding to copy filtered resources.
2016-09-02 13:25:59,090 [Worker-32] INFO  o.e.m.c.i.embedder.EclipseLogger - skip non existing resourceDirectory E:\Selenium_Shubham\SeleniumDemo\src\test\resources
2016-09-02 13:26:53,297 [Worker-33] INFO  o.e.m.c.i.embedder.EclipseLogger - Using 'UTF-8' encoding to copy filtered resources.
2016-09-02 13:26:53,297 [Worker-33] INFO  o.e.m.c.i.embedder.EclipseLogger - skip non existing resourceDirectory E:\Selenium_Shubham\SeleniumDemo\src\main\resources
2016-09-02 13:26:53,297 [Worker-33] INFO  o.e.m.c.i.embedder.EclipseLogger - Using 'UTF-8' encoding to copy filtered resources.
2016-09-02 13:26:53,297 [Worker-33] INFO  o.e.m.c.i.embedder.EclipseLogger - skip non existing resourceDirectory E:\Selenium_Shubham\SeleniumDemo\src\test\resources
2016-09-02 13:29:42,365 [Worker-21] INFO  o.e.m.c.i.embedder.EclipseLogger - Using 'UTF-8' encoding to copy filtered resources.
2016-09-02 13:29:42,365 [Worker-21] INFO  o.e.m.c.i.embedder.EclipseLogger - skip non existing resourceDirectory E:\Selenium_Shubham\SeleniumDemo\src\main\resources
2016-09-02 13:29:42,382 [Worker-21] INFO  o.e.m.c.i.embedder.EclipseLogger - Using 'UTF-8' encoding to copy filtered resources.
2016-09-02 13:29:42,382 [Worker-21] INFO  o.e.m.c.i.embedder.EclipseLogger - skip non existing resourceDirectory E:\Selenium_Shubham\SeleniumDemo\src\test\resources
2016-09-02 13:30:04,300 [Worker-8] INFO  o.e.m.c.i.embedder.EclipseLogger - Using 'UTF-8' encoding to copy filtered resources.
2016-09-02 13:30:04,300 [Worker-8] INFO  o.e.m.c.i.embedder.EclipseLogger - skip non existing resourceDirectory E:\Selenium_Shubham\SeleniumDemo\src\main\resources
2016-09-02 13:30:04,318 [Worker-8] INFO  o.e.m.c.i.embedder.EclipseLogger - Using 'UTF-8' encoding to copy filtered resources.
2016-09-02 13:30:04,318 [Worker-8] INFO  o.e.m.c.i.embedder.EclipseLogger - skip non existing resourceDirectory E:\Selenium_Shubham\SeleniumDemo\src\test\resources
2016-09-02 13:32:29,157 [Worker-21] INFO  o.e.m.c.i.embedder.EclipseLogger - Using 'UTF-8' encoding to copy filtered resources.
2016-09-02 13:32:29,157 [Worker-21] INFO  o.e.m.c.i.embedder.EclipseLogger - skip non existing resourceDirectory E:\Selenium_Shubham\SeleniumDemo\src\main\resources
2016-09-02 13:32:29,157 [Worker-21] INFO  o.e.m.c.i.embedder.EclipseLogger - Using 'UTF-8' encoding to copy filtered resources.
2016-09-02 13:32:29,157 [Worker-21] INFO  o.e.m.c.i.embedder.EclipseLogger - skip non existing resourceDirectory E:\Selenium_Shubham\SeleniumDemo\src\test\resources
2016-09-02 13:32:52,912 [Worker-32] INFO  o.e.m.c.i.embedder.EclipseLogger - Using 'UTF-8' encoding to copy filtered resources.
2016-09-02 13:32:52,912 [Worker-32] INFO  o.e.m.c.i.embedder.EclipseLogger - skip non existing resourceDirectory E:\Selenium_Shubham\SeleniumDemo\src\main\resources
2016-09-02 13:32:52,914 [Worker-32] INFO  o.e.m.c.i.embedder.EclipseLogger - Using 'UTF-8' encoding to copy filtered resources.
2016-09-02 13:32:52,915 [Worker-32] INFO  o.e.m.c.i.embedder.EclipseLogger - skip non existing resourceDirectory E:\Selenium_Shubham\SeleniumDemo\src\test\resources
2016-09-02 13:33:36,300 [Worker-33] INFO  o.e.m.c.i.embedder.EclipseLogger - Using 'UTF-8' encoding to copy filtered resources.
2016-09-02 13:33:36,300 [Worker-33] INFO  o.e.m.c.i.embedder.EclipseLogger - skip non existing resourceDirectory E:\Selenium_Shubham\SeleniumDemo\src\main\resources
2016-09-02 13:33:36,300 [Worker-33] INFO  o.e.m.c.i.embedder.EclipseLogger - Using 'UTF-8' encoding to copy filtered resources.
2016-09-02 13:33:36,300 [Worker-33] INFO  o.e.m.c.i.embedder.EclipseLogger - skip non existing resourceDirectory E:\Selenium_Shubham\SeleniumDemo\src\test\resources
2016-09-02 13:34:28,312 [Worker-33] INFO  o.e.m.c.i.embedder.EclipseLogger - Using 'UTF-8' encoding to copy filtered resources.
2016-09-02 13:34:28,312 [Worker-33] INFO  o.e.m.c.i.embedder.EclipseLogger - skip non existing resourceDirectory E:\Selenium_Shubham\SeleniumDemo\src\main\resources
2016-09-02 13:34:28,312 [Worker-33] INFO  o.e.m.c.i.embedder.EclipseLogger - Using 'UTF-8' encoding to copy filtered resources.
2016-09-02 13:34:28,312 [Worker-33] INFO  o.e.m.c.i.embedder.EclipseLogger - skip non existing resourceDirectory E:\Selenium_Shubham\SeleniumDemo\src\test\resources
2016-09-02 13:35:49,027 [Worker-21] INFO  o.e.m.c.i.embedder.EclipseLogger - Using 'UTF-8' encoding to copy filtered resources.
2016-09-02 13:35:49,027 [Worker-21] INFO  o.e.m.c.i.embedder.EclipseLogger - skip non existing resourceDirectory E:\Selenium_Shubham\SeleniumDemo\src\main\resources
2016-09-02 13:35:49,027 [Worker-21] INFO  o.e.m.c.i.embedder.EclipseLogger - Using 'UTF-8' encoding to copy filtered resources.
2016-09-02 13:35:49,027 [Worker-21] INFO  o.e.m.c.i.embedder.EclipseLogger - skip non existing resourceDirectory E:\Selenium_Shubham\SeleniumDemo\src\test\resources
2016-09-02 13:38:13,252 [Worker-32] INFO  o.e.m.c.i.embedder.EclipseLogger - Using 'UTF-8' encoding to copy filtered resources.
2016-09-02 13:38:13,252 [Worker-32] INFO  o.e.m.c.i.embedder.EclipseLogger - skip non existing resourceDirectory E:\Selenium_Shubham\SeleniumDemo\src\main\resources
2016-09-02 13:38:13,252 [Worker-32] INFO  o.e.m.c.i.embedder.EclipseLogger - Using 'UTF-8' encoding to copy filtered resources.
2016-09-02 13:38:13,252 [Worker-32] INFO  o.e.m.c.i.embedder.EclipseLogger - skip non existing resourceDirectory E:\Selenium_Shubham\SeleniumDemo\src\test\resources
2016-09-02 13:41:30,882 [Worker-35] INFO  o.e.m.c.i.embedder.EclipseLogger - Using 'UTF-8' encoding to copy filtered resources.
2016-09-02 13:41:30,882 [Worker-35] INFO  o.e.m.c.i.embedder.EclipseLogger - skip non existing resourceDirectory E:\Selenium_Shubham\SeleniumDemo\src\main\resources
2016-09-02 13:41:30,886 [Worker-35] INFO  o.e.m.c.i.embedder.EclipseLogger - Using 'UTF-8' encoding to copy filtered resources.
2016-09-02 13:41:30,890 [Worker-35] INFO  o.e.m.c.i.embedder.EclipseLogger - skip non existing resourceDirectory E:\Selenium_Shubham\SeleniumDemo\src\test\resources
2016-09-02 13:44:24,498 [Worker-34] INFO  o.e.m.c.i.embedder.EclipseLogger - Using 'UTF-8' encoding to copy filtered resources.
2016-09-02 13:44:24,498 [Worker-34] INFO  o.e.m.c.i.embedder.EclipseLogger - skip non existing resourceDirectory E:\Selenium_Shubham\SeleniumDemo\src\main\resources
2016-09-02 13:44:24,498 [Worker-34] INFO  o.e.m.c.i.embedder.EclipseLogger - Using 'UTF-8' encoding to copy filtered resources.
2016-09-02 13:44:24,498 [Worker-34] INFO  o.e.m.c.i.embedder.EclipseLogger - skip non existing resourceDirectory E:\Selenium_Shubham\SeleniumDemo\src\test\resources
2016-09-02 13:44:28,497 [Worker-8] INFO  o.e.m.c.i.embedder.EclipseLogger - Using 'UTF-8' encoding to copy filtered resources.
2016-09-02 13:44:28,497 [Worker-8] INFO  o.e.m.c.i.embedder.EclipseLogger - skip non existing resourceDirectory E:\Selenium_Shubham\SeleniumDemo\src\main\resources
2016-09-02 13:44:28,501 [Worker-8] INFO  o.e.m.c.i.embedder.EclipseLogger - Using 'UTF-8' encoding to copy filtered resources.
2016-09-02 13:44:28,504 [Worker-8] INFO  o.e.m.c.i.embedder.EclipseLogger - skip non existing resourceDirectory E:\Selenium_Shubham\SeleniumDemo\src\test\resources
2016-09-02 13:44:34,328 [Worker-8] INFO  o.e.m.c.i.embedder.EclipseLogger - Using 'UTF-8' encoding to copy filtered resources.
2016-09-02 13:44:34,328 [Worker-8] INFO  o.e.m.c.i.embedder.EclipseLogger - skip non existing resourceDirectory E:\Selenium_Shubham\SeleniumDemo\src\main\resources
2016-09-02 13:44:34,328 [Worker-8] INFO  o.e.m.c.i.embedder.EclipseLogger - Using 'UTF-8' encoding to copy filtered resources.
2016-09-02 13:44:34,328 [Worker-8] INFO  o.e.m.c.i.embedder.EclipseLogger - skip non existing resourceDirectory E:\Selenium_Shubham\SeleniumDemo\src\test\resources
2016-09-02 13:50:28,549 [Worker-33] INFO  o.e.m.c.i.embedder.EclipseLogger - Using 'UTF-8' encoding to copy filtered resources.
2016-09-02 13:50:28,549 [Worker-33] INFO  o.e.m.c.i.embedder.EclipseLogger - skip non existing resourceDirectory E:\Selenium_Shubham\SeleniumDemo\src\main\resources
2016-09-02 13:50:28,564 [Worker-33] INFO  o.e.m.c.i.embedder.EclipseLogger - Using 'UTF-8' encoding to copy filtered resources.
2016-09-02 13:50:28,564 [Worker-33] INFO  o.e.m.c.i.embedder.EclipseLogger - skip non existing resourceDirectory E:\Selenium_Shubham\SeleniumDemo\src\test\resources
2016-09-02 13:50:32,745 [Worker-8] INFO  o.e.m.c.i.embedder.EclipseLogger - Using 'UTF-8' encoding to copy filtered resources.
2016-09-02 13:50:32,745 [Worker-8] INFO  o.e.m.c.i.embedder.EclipseLogger - skip non existing resourceDirectory E:\Selenium_Shubham\SeleniumDemo\src\main\resources
2016-09-02 13:50:32,761 [Worker-8] INFO  o.e.m.c.i.embedder.EclipseLogger - Using 'UTF-8' encoding to copy filtered resources.
2016-09-02 13:50:32,761 [Worker-8] INFO  o.e.m.c.i.embedder.EclipseLogger - skip non existing resourceDirectory E:\Selenium_Shubham\SeleniumDemo\src\test\resources
2016-09-02 13:56:01,314 [Worker-8] INFO  o.e.m.c.i.embedder.EclipseLogger - Using 'UTF-8' encoding to copy filtered resources.
2016-09-02 13:56:01,315 [Worker-8] INFO  o.e.m.c.i.embedder.EclipseLogger - skip non existing resourceDirectory E:\Selenium_Shubham\SeleniumDemo\src\main\resources
2016-09-02 13:56:01,318 [Worker-8] INFO  o.e.m.c.i.embedder.EclipseLogger - Using 'UTF-8' encoding to copy filtered resources.
2016-09-02 13:56:01,318 [Worker-8] INFO  o.e.m.c.i.embedder.EclipseLogger - skip non existing resourceDirectory E:\Selenium_Shubham\SeleniumDemo\src\test\resources
2016-09-02 13:59:40,361 [Worker-35] INFO  o.e.m.c.i.embedder.EclipseLogger - Using 'UTF-8' encoding to copy filtered resources.
2016-09-02 13:59:40,361 [Worker-35] INFO  o.e.m.c.i.embedder.EclipseLogger - skip non existing resourceDirectory E:\Selenium_Shubham\SeleniumDemo\src\main\resources
2016-09-02 13:59:40,363 [Worker-35] INFO  o.e.m.c.i.embedder.EclipseLogger - Using 'UTF-8' encoding to copy filtered resources.
2016-09-02 13:59:40,364 [Worker-35] INFO  o.e.m.c.i.embedder.EclipseLogger - skip non existing resourceDirectory E:\Selenium_Shubham\SeleniumDemo\src\test\resources
2016-09-02 14:00:42,974 [Worker-21] INFO  o.e.m.c.i.embedder.EclipseLogger - Using 'UTF-8' encoding to copy filtered resources.
2016-09-02 14:00:42,974 [Worker-21] INFO  o.e.m.c.i.embedder.EclipseLogger - skip non existing resourceDirectory E:\Selenium_Shubham\SeleniumDemo\src\main\resources
2016-09-02 14:00:42,976 [Worker-21] INFO  o.e.m.c.i.embedder.EclipseLogger - Using 'UTF-8' encoding to copy filtered resources.
2016-09-02 14:00:42,976 [Worker-21] INFO  o.e.m.c.i.embedder.EclipseLogger - skip non existing resourceDirectory E:\Selenium_Shubham\SeleniumDemo\src\test\resources
2016-09-02 14:02:02,934 [Worker-42] INFO  o.e.m.c.i.embedder.EclipseLogger - Using 'UTF-8' encoding to copy filtered resources.
2016-09-02 14:02:02,934 [Worker-42] INFO  o.e.m.c.i.embedder.EclipseLogger - skip non existing resourceDirectory E:\Selenium_Shubham\SeleniumDemo\src\main\resources
2016-09-02 14:02:02,939 [Worker-42] INFO  o.e.m.c.i.embedder.EclipseLogger - Using 'UTF-8' encoding to copy filtered resources.
2016-09-02 14:02:02,939 [Worker-42] INFO  o.e.m.c.i.embedder.EclipseLogger - skip non existing resourceDirectory E:\Selenium_Shubham\SeleniumDemo\src\test\resources
2016-09-02 14:02:06,945 [Worker-33] INFO  o.e.m.c.i.embedder.EclipseLogger - Using 'UTF-8' encoding to copy filtered resources.
2016-09-02 14:02:06,945 [Worker-33] INFO  o.e.m.c.i.embedder.EclipseLogger - skip non existing resourceDirectory E:\Selenium_Shubham\SeleniumDemo\src\main\resources
2016-09-02 14:02:06,945 [Worker-33] INFO  o.e.m.c.i.embedder.EclipseLogger - Using 'UTF-8' encoding to copy filtered resources.
2016-09-02 14:02:06,945 [Worker-33] INFO  o.e.m.c.i.embedder.EclipseLogger - skip non existing resourceDirectory E:\Selenium_Shubham\SeleniumDemo\src\test\resources
2016-09-02 14:02:58,664 [Worker-40] INFO  o.e.m.c.i.embedder.EclipseLogger - Using 'UTF-8' encoding to copy filtered resources.
2016-09-02 14:02:58,664 [Worker-40] INFO  o.e.m.c.i.embedder.EclipseLogger - skip non existing resourceDirectory E:\Selenium_Shubham\SeleniumDemo\src\main\resources
2016-09-02 14:02:58,664 [Worker-40] INFO  o.e.m.c.i.embedder.EclipseLogger - Using 'UTF-8' encoding to copy filtered resources.
2016-09-02 14:02:58,664 [Worker-40] INFO  o.e.m.c.i.embedder.EclipseLogger - skip non existing resourceDirectory E:\Selenium_Shubham\SeleniumDemo\src\test\resources
2016-09-02 14:06:43,551 [Worker-34] INFO  o.e.m.c.i.embedder.EclipseLogger - Using 'UTF-8' encoding to copy filtered resources.
2016-09-02 14:06:43,552 [Worker-34] INFO  o.e.m.c.i.embedder.EclipseLogger - skip non existing resourceDirectory E:\Selenium_Shubham\SeleniumDemo\src\main\resources
2016-09-02 14:06:43,553 [Worker-34] INFO  o.e.m.c.i.embedder.EclipseLogger - Using 'UTF-8' encoding to copy filtered resources.
2016-09-02 14:06:43,553 [Worker-34] INFO  o.e.m.c.i.embedder.EclipseLogger - skip non existing resourceDirectory E:\Selenium_Shubham\SeleniumDemo\src\test\resources
2016-09-02 14:09:36,304 [Worker-8] INFO  o.e.m.c.i.embedder.EclipseLogger - Using 'UTF-8' encoding to copy filtered resources.
2016-09-02 14:09:36,304 [Worker-8] INFO  o.e.m.c.i.embedder.EclipseLogger - skip non existing resourceDirectory E:\Selenium_Shubham\SeleniumDemo\src\main\resources
2016-09-02 14:09:36,304 [Worker-8] INFO  o.e.m.c.i.embedder.EclipseLogger - Using 'UTF-8' encoding to copy filtered resources.
2016-09-02 14:09:36,304 [Worker-8] INFO  o.e.m.c.i.embedder.EclipseLogger - skip non existing resourceDirectory E:\Selenium_Shubham\SeleniumDemo\src\test\resources
2016-09-02 14:14:06,430 [Worker-34] INFO  o.e.m.c.i.embedder.EclipseLogger - Using 'UTF-8' encoding to copy filtered resources.
2016-09-02 14:14:06,430 [Worker-34] INFO  o.e.m.c.i.embedder.EclipseLogger - skip non existing resourceDirectory E:\Selenium_Shubham\SeleniumDemo\src\main\resources
2016-09-02 14:14:06,430 [Worker-34] INFO  o.e.m.c.i.embedder.EclipseLogger - Using 'UTF-8' encoding to copy filtered resources.
2016-09-02 14:14:06,430 [Worker-34] INFO  o.e.m.c.i.embedder.EclipseLogger - skip non existing resourceDirectory E:\Selenium_Shubham\SeleniumDemo\src\test\resources
2016-09-02 14:20:41,357 [Worker-34] INFO  o.e.m.c.i.embedder.EclipseLogger - Using 'UTF-8' encoding to copy filtered resources.
2016-09-02 14:20:41,373 [Worker-34] INFO  o.e.m.c.i.embedder.EclipseLogger - skip non existing resourceDirectory E:\Selenium_Shubham\SeleniumDemo\src\main\resources
2016-09-02 14:20:41,373 [Worker-34] INFO  o.e.m.c.i.embedder.EclipseLogger - Using 'UTF-8' encoding to copy filtered resources.
2016-09-02 14:20:41,373 [Worker-34] INFO  o.e.m.c.i.embedder.EclipseLogger - skip non existing resourceDirectory E:\Selenium_Shubham\SeleniumDemo\src\test\resources
2016-09-02 14:21:20,694 [Worker-34] INFO  o.e.m.c.i.embedder.EclipseLogger - Using 'UTF-8' encoding to copy filtered resources.
2016-09-02 14:21:20,694 [Worker-34] INFO  o.e.m.c.i.embedder.EclipseLogger - skip non existing resourceDirectory E:\Selenium_Shubham\SeleniumDemo\src\main\resources
2016-09-02 14:21:20,694 [Worker-34] INFO  o.e.m.c.i.embedder.EclipseLogger - Using 'UTF-8' encoding to copy filtered resources.
2016-09-02 14:21:20,698 [Worker-34] INFO  o.e.m.c.i.embedder.EclipseLogger - skip non existing resourceDirectory E:\Selenium_Shubham\SeleniumDemo\src\test\resources
2016-09-02 14:21:41,792 [Worker-45] INFO  o.e.m.c.i.embedder.EclipseLogger - Using 'UTF-8' encoding to copy filtered resources.
2016-09-02 14:21:41,792 [Worker-45] INFO  o.e.m.c.i.embedder.EclipseLogger - skip non existing resourceDirectory E:\Selenium_Shubham\SeleniumDemo\src\main\resources
2016-09-02 14:21:41,792 [Worker-45] INFO  o.e.m.c.i.embedder.EclipseLogger - Using 'UTF-8' encoding to copy filtered resources.
2016-09-02 14:21:41,792 [Worker-45] INFO  o.e.m.c.i.embedder.EclipseLogger - skip non existing resourceDirectory E:\Selenium_Shubham\SeleniumDemo\src\test\resources
2016-09-02 14:21:47,956 [Worker-45] INFO  o.e.m.c.i.embedder.EclipseLogger - Using 'UTF-8' encoding to copy filtered resources.
2016-09-02 14:21:47,956 [Worker-45] INFO  o.e.m.c.i.embedder.EclipseLogger - skip non existing resourceDirectory E:\Selenium_Shubham\SeleniumDemo\src\main\resources
2016-09-02 14:21:47,959 [Worker-45] INFO  o.e.m.c.i.embedder.EclipseLogger - Using 'UTF-8' encoding to copy filtered resources.
2016-09-02 14:21:47,959 [Worker-45] INFO  o.e.m.c.i.embedder.EclipseLogger - skip non existing resourceDirectory E:\Selenium_Shubham\SeleniumDemo\src\test\resources
2016-09-02 14:24:08,280 [Worker-44] INFO  o.e.m.c.i.embedder.EclipseLogger - Using 'UTF-8' encoding to copy filtered resources.
2016-09-02 14:24:08,280 [Worker-44] INFO  o.e.m.c.i.embedder.EclipseLogger - skip non existing resourceDirectory E:\Selenium_Shubham\SeleniumDemo\src\main\resources
2016-09-02 14:24:08,280 [Worker-44] INFO  o.e.m.c.i.embedder.EclipseLogger - Using 'UTF-8' encoding to copy filtered resources.
2016-09-02 14:24:08,280 [Worker-44] INFO  o.e.m.c.i.embedder.EclipseLogger - skip non existing resourceDirectory E:\Selenium_Shubham\SeleniumDemo\src\test\resources
2016-09-02 14:24:40,828 [Worker-45] INFO  o.e.m.c.i.embedder.EclipseLogger - Using 'UTF-8' encoding to copy filtered resources.
2016-09-02 14:24:40,828 [Worker-45] INFO  o.e.m.c.i.embedder.EclipseLogger - skip non existing resourceDirectory E:\Selenium_Shubham\SeleniumDemo\src\main\resources
2016-09-02 14:24:40,828 [Worker-45] INFO  o.e.m.c.i.embedder.EclipseLogger - Using 'UTF-8' encoding to copy filtered resources.
2016-09-02 14:24:40,828 [Worker-45] INFO  o.e.m.c.i.embedder.EclipseLogger - skip non existing resourceDirectory E:\Selenium_Shubham\SeleniumDemo\src\test\resources
2016-09-02 14:24:56,350 [Worker-35] INFO  o.e.m.c.i.embedder.EclipseLogger - Using 'UTF-8' encoding to copy filtered resources.
2016-09-02 14:24:56,350 [Worker-35] INFO  o.e.m.c.i.embedder.EclipseLogger - skip non existing resourceDirectory E:\Selenium_Shubham\SeleniumDemo\src\main\resources
2016-09-02 14:24:56,350 [Worker-35] INFO  o.e.m.c.i.embedder.EclipseLogger - Using 'UTF-8' encoding to copy filtered resources.
2016-09-02 14:24:56,350 [Worker-35] INFO  o.e.m.c.i.embedder.EclipseLogger - skip non existing resourceDirectory E:\Selenium_Shubham\SeleniumDemo\src\test\resources
2016-09-02 14:25:29,340 [Worker-34] INFO  o.e.m.c.i.embedder.EclipseLogger - Using 'UTF-8' encoding to copy filtered resources.
2016-09-02 14:25:29,340 [Worker-34] INFO  o.e.m.c.i.embedder.EclipseLogger - skip non existing resourceDirectory E:\Selenium_Shubham\SeleniumDemo\src\main\resources
2016-09-02 14:25:29,340 [Worker-34] INFO  o.e.m.c.i.embedder.EclipseLogger - Using 'UTF-8' encoding to copy filtered resources.
2016-09-02 14:25:29,340 [Worker-34] INFO  o.e.m.c.i.embedder.EclipseLogger - skip non existing resourceDirectory E:\Selenium_Shubham\SeleniumDemo\src\test\resources
2016-09-02 14:28:13,637 [Worker-45] INFO  o.e.m.c.i.embedder.EclipseLogger - Using 'UTF-8' encoding to copy filtered resources.
2016-09-02 14:28:13,637 [Worker-45] INFO  o.e.m.c.i.embedder.EclipseLogger - skip non existing resourceDirectory E:\Selenium_Shubham\SeleniumDemo\src\main\resources
2016-09-02 14:28:13,641 [Worker-45] INFO  o.e.m.c.i.embedder.EclipseLogger - Using 'UTF-8' encoding to copy filtered resources.
2016-09-02 14:28:13,641 [Worker-45] INFO  o.e.m.c.i.embedder.EclipseLogger - skip non existing resourceDirectory E:\Selenium_Shubham\SeleniumDemo\src\test\resources
2016-09-02 14:29:10,084 [Worker-35] INFO  o.e.m.c.i.embedder.EclipseLogger - Using 'UTF-8' encoding to copy filtered resources.
2016-09-02 14:29:10,084 [Worker-35] INFO  o.e.m.c.i.embedder.EclipseLogger - skip non existing resourceDirectory E:\Selenium_Shubham\SeleniumDemo\src\main\resources
2016-09-02 14:29:10,088 [Worker-35] INFO  o.e.m.c.i.embedder.EclipseLogger - Using 'UTF-8' encoding to copy filtered resources.
2016-09-02 14:29:10,088 [Worker-35] INFO  o.e.m.c.i.embedder.EclipseLogger - skip non existing resourceDirectory E:\Selenium_Shubham\SeleniumDemo\src\test\resources
2016-09-02 14:29:38,198 [Worker-34] INFO  o.e.m.c.i.embedder.EclipseLogger - Using 'UTF-8' encoding to copy filtered resources.
2016-09-02 14:29:38,202 [Worker-34] INFO  o.e.m.c.i.embedder.EclipseLogger - skip non existing resourceDirectory E:\Selenium_Shubham\SeleniumDemo\src\main\resources
2016-09-02 14:29:38,202 [Worker-34] INFO  o.e.m.c.i.embedder.EclipseLogger - Using 'UTF-8' encoding to copy filtered resources.
2016-09-02 14:29:38,202 [Worker-34] INFO  o.e.m.c.i.embedder.EclipseLogger - skip non existing resourceDirectory E:\Selenium_Shubham\SeleniumDemo\src\test\resources
2016-09-02 14:32:32,239 [Worker-48] INFO  o.e.m.c.i.embedder.EclipseLogger - Using 'UTF-8' encoding to copy filtered resources.
2016-09-02 14:32:32,251 [Worker-48] INFO  o.e.m.c.i.embedder.EclipseLogger - skip non existing resourceDirectory E:\Selenium_Shubham\SeleniumDemo\src\main\resources
2016-09-02 14:32:32,255 [Worker-48] INFO  o.e.m.c.i.embedder.EclipseLogger - Using 'UTF-8' encoding to copy filtered resources.
2016-09-02 14:32:32,255 [Worker-48] INFO  o.e.m.c.i.embedder.EclipseLogger - skip non existing resourceDirectory E:\Selenium_Shubham\SeleniumDemo\src\test\resources
2016-09-02 14:33:07,708 [Worker-43] INFO  o.e.m.c.i.embedder.EclipseLogger - Using 'UTF-8' encoding to copy filtered resources.
2016-09-02 14:33:07,708 [Worker-43] INFO  o.e.m.c.i.embedder.EclipseLogger - skip non existing resourceDirectory E:\Selenium_Shubham\SeleniumDemo\src\main\resources
2016-09-02 14:33:07,712 [Worker-43] INFO  o.e.m.c.i.embedder.EclipseLogger - Using 'UTF-8' encoding to copy filtered resources.
2016-09-02 14:33:07,712 [Worker-43] INFO  o.e.m.c.i.embedder.EclipseLogger - skip non existing resourceDirectory E:\Selenium_Shubham\SeleniumDemo\src\test\resources
